2023-11-13 16:12:35.697  INFO 20840 --- [http-nio-7777-exec-9] com.gdproj.aspect.logAspect              : ===============请求内容===============
2023-11-13 16:12:35.699  INFO 20840 --- [http-nio-7777-exec-9] com.gdproj.aspect.logAspect              : 请求方式:GET
2023-11-13 16:12:35.699  INFO 20840 --- [http-nio-7777-exec-9] com.gdproj.aspect.logAspect              : 请求地址:com.gdproj.controller.deployeeController
2023-11-13 16:12:35.699  INFO 20840 --- [http-nio-7777-exec-9] com.gdproj.aspect.logAspect              : 方法名称:查询用于选择的员工列表
2023-11-13 16:12:35.699  INFO 20840 --- [http-nio-7777-exec-9] com.gdproj.aspect.logAspect              : 请求类方法:getListForSelect
2023-11-13 16:12:35.700  INFO 20840 --- [http-nio-7777-exec-9] com.gdproj.aspect.logAspect              : 请求类方法参数:[]
2023-11-13 16:12:35.700  INFO 20840 --- [http-nio-7777-exec-9] com.gdproj.aspect.logAspect              : ===============请求内容===============
2023-11-13 16:12:35.705  INFO 20840 --- [http-nio-7777-exec-9] com.gdproj.aspect.logAspect              : ===============返回内容===============
2023-11-13 16:12:35.706  INFO 20840 --- [http-nio-7777-exec-9] com.gdproj.aspect.logAspect              : Response内容:{"code":200,"msg":"操作成功","data":[{"userId":1,"username":"张17","departmentId":3},{"userId":2,"username":"李29","departmentId":3},{"userId":3,"username":"王3","departmentId":3},{"userId":4,"username":"孙4","departmentId":3},{"userId":5,"username":"test5","departmentId":3},{"userId":6,"username":"临时工","departmentId":3},{"userId":7,"username":"7867","departmentId":3},{"userId":8,"username":"777","departmentId":3}]}
2023-11-13 16:12:35.707  INFO 20840 --- [http-nio-7777-exec-9] com.gdproj.aspect.logAspect              : 请求响应时间:5ms
2023-11-13 16:12:35.707  INFO 20840 --- [http-nio-7777-exec-9] com.gdproj.aspect.logAspect              : ===============返回内容===============
2023-11-13 16:12:39.637  INFO 20840 --- [http-nio-7777-exec-10] com.gdproj.aspect.logAspect              : ===============请求内容===============
2023-11-13 16:12:39.638  INFO 20840 --- [http-nio-7777-exec-10] com.gdproj.aspect.logAspect              : 请求方式:GET
2023-11-13 16:12:39.641  INFO 20840 --- [http-nio-7777-exec-10] com.gdproj.aspect.logAspect              : 请求地址:com.gdproj.controller.loginController
2023-11-13 16:12:39.642  INFO 20840 --- [http-nio-7777-exec-10] com.gdproj.aspect.logAspect              : 方法名称:获取后台用户信息
2023-11-13 16:12:39.642  INFO 20840 --- [http-nio-7777-exec-10] com.gdproj.aspect.logAspect              : 请求类方法:getUserInfo
2023-11-13 16:12:39.642  INFO 20840 --- [http-nio-7777-exec-10] com.gdproj.aspect.logAspect              : 请求类方法参数:[{}]
2023-11-13 16:12:39.642  INFO 20840 --- [http-nio-7777-exec-10] com.gdproj.aspect.logAspect              : ===============请求内容===============
2023-11-13 16:12:39.647  INFO 20840 --- [http-nio-7777-exec-10] com.gdproj.aspect.logAspect              : ===============返回内容===============
2023-11-13 16:12:39.647  INFO 20840 --- [http-nio-7777-exec-10] com.gdproj.aspect.logAspect              : Response内容:{"code":200,"msg":"操作成功","data":{"username":"admin","name":"后端开发人员"}}
2023-11-13 16:12:39.648  INFO 20840 --- [http-nio-7777-exec-10] com.gdproj.aspect.logAspect              : 请求响应时间:4ms
2023-11-13 16:12:39.648  INFO 20840 --- [http-nio-7777-exec-10] com.gdproj.aspect.logAspect              : ===============返回内容===============
2023-11-13 16:12:40.265  INFO 20840 --- [http-nio-7777-exec-2] com.gdproj.aspect.logAspect              : ===============请求内容===============
2023-11-13 16:12:40.265  INFO 20840 --- [http-nio-7777-exec-2] com.gdproj.aspect.logAspect              : 请求方式:GET
2023-11-13 16:12:40.265  INFO 20840 --- [http-nio-7777-exec-2] com.gdproj.aspect.logAspect              : 请求地址:com.gdproj.controller.flowController
2023-11-13 16:12:40.265  INFO 20840 --- [http-nio-7777-exec-2] com.gdproj.aspect.logAspect              : 方法名称:获取审批流程列表
2023-11-13 16:12:40.265  INFO 20840 --- [http-nio-7777-exec-2] com.gdproj.aspect.logAspect              : 请求类方法:getFlowList
2023-11-13 16:12:40.266  INFO 20840 --- [http-nio-7777-exec-2] com.gdproj.aspect.logAspect              : 请求类方法参数:[1,10,"+id",""]
2023-11-13 16:12:40.266  INFO 20840 --- [http-nio-7777-exec-2] com.gdproj.aspect.logAspect              : ===============请求内容===============
2023-11-13 16:12:40.664  INFO 20840 --- [http-nio-7777-exec-2] com.gdproj.aspect.logAspect              : ===============返回内容===============
2023-11-13 16:12:40.675  INFO 20840 --- [http-nio-7777-exec-2] com.gdproj.aspect.logAspect              : Response内容:{"code":200,"msg":"操作成功","data":{"Data":[{"flowId":1,"typeId":1,"flowTitle":"加班申请1","currentStepId":1,"runId":1,"currentUserId":1,"totalLevel":3,"flowStatus":0,"createdTime":1697676577000,"updateTime":1697676580000,"ApplicantName":"张17","currentStep":"1:张17审批中","typeName":"加班申请","runStatus":"0"},{"flowId":17,"typeId":2,"flowTitle":"临时工的事假","currentStepId":4,"runId":13,"currentUserId":0,"totalLevel":3,"flowStatus":1,"createdTime":1697680724000,"updateTime":1697684855000,"ApplicantName":"临时工","currentStep":"已完成","typeName":"请假申请","runStatus":"1"},{"flowId":28,"typeId":2,"currentStepId":1,"runId":15,"currentUserId":3,"totalLevel":3,"flowStatus":0,"createdTime":1698655552000,"updateTime":1698655552000,"ApplicantName":"张17","currentStep":"1:王3审批中","typeName":"请假申请","runStatus":"0"},{"flowId":29,"typeId":2,"currentStepId":1,"runId":16,"currentUserId":3,"totalLevel":3,"flowStatus":0,"createdTime":1698655999000,"updateTime":1698655999000,"ApplicantName":"张17","currentStep":"1:王3审批中","typeName":"请假申请","runStatus":"0"},{"flowId":30,"typeId":2,"currentStepId":1,"runId":17,"currentUserId":3,"totalLevel":3,"flowStatus":0,"createdTime":1698658190000,"updateTime":1698658190000,"ApplicantName":"张17","currentStep":"1:王3审批中","typeName":"请假申请","runStatus":"0"},{"flowId":31,"typeId":2,"currentStepId":1,"runId":18,"currentUserId":3,"totalLevel":3,"flowStatus":0,"createdTime":1698658229000,"updateTime":1698658229000,"ApplicantName":"张17","currentStep":"1:王3审批中","typeName":"请假申请","runStatus":"0"},{"flowId":32,"typeId":2,"currentStepId":1,"runId":19,"currentUserId":3,"totalLevel":3,"flowStatus":0,"createdTime":1698658341000,"updateTime":1698658341000,"ApplicantName":"张17","currentStep":"1:王3审批中","typeName":"请假申请","runStatus":"0"},{"flowId":33,"typeId":2,"currentStepId":1,"runId":20,"currentUserId":3,"totalLevel":3,"flowStatus":0,"createdTime":1698658360000,"updateTime":1698658360000,"ApplicantName":"张17","currentStep":"1:王3审批中","typeName":"请假申请","runStatus":"0"},{"flowId":34,"typeId":2,"currentStepId":1,"runId":21,"currentUserId":3,"totalLevel":3,"flowStatus":0,"createdTime":1698658527000,"updateTime":1698658527000,"ApplicantName":"张17","currentStep":"1:王3审批中","typeName":"请假申请","runStatus":"0"},{"flowId":35,"typeId":2,"currentStepId":1,"runId":22,"currentUserId":3,"totalLevel":3,"flowStatus":0,"createdTime":1698658564000,"updateTime":1698658564000,"ApplicantName":"张17","currentStep":"1:王3审批中","typeName":"请假申请","runStatus":"0"}],"total":29}}
2023-11-13 16:12:40.675  INFO 20840 --- [http-nio-7777-exec-2] com.gdproj.aspect.logAspect              : 请求响应时间:398ms
2023-11-13 16:12:40.675  INFO 20840 --- [http-nio-7777-exec-2] com.gdproj.aspect.logAspect              : ===============返回内容===============
2023-11-13 16:16:27.433  INFO 20840 --- [SpringApplicationShutdownHook] com.zaxxer.hikari.HikariDataSource       : HikariPool-1 - Shutdown initiated...
2023-11-13 16:16:27.458  INFO 20840 --- [SpringApplicationShutdownHook] com.zaxxer.hikari.HikariDataSource       : HikariPool-1 - Shutdown completed.
2023-11-13 16:16:47.649  INFO 21884 --- [main] com.gdproj.App                           : Starting App using Java 1.8.0_331 on DJHUA-PC with PID 21884 (E:\sch-work-space\projects\hbkj\hboa\admin\target\classes started by Administrator in E:\sch-work-space\projects\hbkj\hboa)
2023-11-13 16:16:47.652  INFO 21884 --- [main] com.gdproj.App                           : No active profile set, falling back to 1 default profile: "default"
2023-11-13 16:16:49.481  INFO 21884 --- [main] o.s.b.w.embedded.tomcat.TomcatWebServer  : Tomcat initialized with port(s): 7777 (http)
2023-11-13 16:16:49.490  INFO 21884 --- [main] o.apache.catalina.core.StandardService   : Starting service [Tomcat]
2023-11-13 16:16:49.491  INFO 21884 --- [main] org.apache.catalina.core.StandardEngine  : Starting Servlet engine: [Apache Tomcat/9.0.78]
2023-11-13 16:16:49.791  INFO 21884 --- [main] o.a.c.c.C.[Tomcat].[localhost].[/]       : Initializing Spring embedded WebApplicationContext
2023-11-13 16:16:49.792  INFO 21884 --- [main] w.s.c.ServletWebServerApplicationContext : Root WebApplicationContext: initialization completed in 2101 ms
2023-11-13 16:16:53.174  INFO 21884 --- [main] pertySourcedRequestMappingHandlerMapping : Mapped URL path [/v2/api-docs] onto method [springfox.documentation.swagger2.web.Swagger2Controller#getDocumentation(String, HttpServletRequest)]
2023-11-13 16:16:53.678  INFO 21884 --- [main] o.s.b.w.embedded.tomcat.TomcatWebServer  : Tomcat started on port(s): 7777 (http) with context path ''
2023-11-13 16:16:53.680  INFO 21884 --- [main] d.s.w.p.DocumentationPluginsBootstrapper : Context refreshed
2023-11-13 16:16:53.711  INFO 21884 --- [main] d.s.w.p.DocumentationPluginsBootstrapper : Found 1 custom documentation plugin(s)
2023-11-13 16:16:53.777  INFO 21884 --- [main] s.d.s.w.s.ApiListingReferenceScanner     : Scanning for api listing references
2023-11-13 16:16:54.007  INFO 21884 --- [main] .d.s.w.r.o.CachingOperationNameGenerator : Generating unique operation named: getListForSelectUsingGET_1
2023-11-13 16:16:54.071  INFO 21884 --- [main] .d.s.w.r.o.CachingOperationNameGenerator : Generating unique operation named: getListForSelectUsingGET_2
2023-11-13 16:16:54.080  INFO 21884 --- [main] .d.s.w.r.o.CachingOperationNameGenerator : Generating unique operation named: getListForSelectUsingGET_3
2023-11-13 16:16:54.096  INFO 21884 --- [main] .d.s.w.r.o.CachingOperationNameGenerator : Generating unique operation named: getListForSelectUsingGET_4
2023-11-13 16:16:54.158  INFO 21884 --- [main] .d.s.w.r.o.CachingOperationNameGenerator : Generating unique operation named: deleteCategoryUsingDELETE_1
2023-11-13 16:16:54.160  INFO 21884 --- [main] .d.s.w.r.o.CachingOperationNameGenerator : Generating unique operation named: getCategoryListUsingGET_1
2023-11-13 16:16:54.163  INFO 21884 --- [main] .d.s.w.r.o.CachingOperationNameGenerator : Generating unique operation named: insertCategoryUsingPOST_1
2023-11-13 16:16:54.172  INFO 21884 --- [main] .d.s.w.r.o.CachingOperationNameGenerator : Generating unique operation named: updateCategoryUsingPUT_1
2023-11-13 16:16:54.207  INFO 21884 --- [main] .d.s.w.r.o.CachingOperationNameGenerator : Generating unique operation named: deleteCategoryUsingDELETE_2
2023-11-13 16:16:54.210  INFO 21884 --- [main] .d.s.w.r.o.CachingOperationNameGenerator : Generating unique operation named: getCategoryListUsingGET_2
2023-11-13 16:16:54.213  INFO 21884 --- [main] .d.s.w.r.o.CachingOperationNameGenerator : Generating unique operation named: insertCategoryUsingPOST_2
2023-11-13 16:16:54.215  INFO 21884 --- [main] .d.s.w.r.o.CachingOperationNameGenerator : Generating unique operation named: updateCategoryUsingPUT_2
2023-11-13 16:16:54.221  INFO 21884 --- [main] .d.s.w.r.o.CachingOperationNameGenerator : Generating unique operation named: deleteCategoryUsingDELETE_3
2023-11-13 16:16:54.223  INFO 21884 --- [main] .d.s.w.r.o.CachingOperationNameGenerator : Generating unique operation named: getCategoryListUsingGET_3
2023-11-13 16:16:54.226  INFO 21884 --- [main] .d.s.w.r.o.CachingOperationNameGenerator : Generating unique operation named: insertCategoryUsingPOST_3
2023-11-13 16:16:54.233  INFO 21884 --- [main] .d.s.w.r.o.CachingOperationNameGenerator : Generating unique operation named: updateCategoryUsingPUT_3
2023-11-13 16:16:54.256  INFO 21884 --- [main] .d.s.w.r.o.CachingOperationNameGenerator : Generating unique operation named: deleteCategoryUsingDELETE_4
2023-11-13 16:16:54.259  INFO 21884 --- [main] .d.s.w.r.o.CachingOperationNameGenerator : Generating unique operation named: getCategoryListUsingGET_4
2023-11-13 16:16:54.262  INFO 21884 --- [main] .d.s.w.r.o.CachingOperationNameGenerator : Generating unique operation named: insertCategoryUsingPOST_4
2023-11-13 16:16:54.267  INFO 21884 --- [main] .d.s.w.r.o.CachingOperationNameGenerator : Generating unique operation named: updateCategoryUsingPUT_4
2023-11-13 16:16:54.274  INFO 21884 --- [main] .d.s.w.r.o.CachingOperationNameGenerator : Generating unique operation named: deleteCategoryUsingDELETE_5
2023-11-13 16:16:54.277  INFO 21884 --- [main] .d.s.w.r.o.CachingOperationNameGenerator : Generating unique operation named: getCategoryListUsingGET_5
2023-11-13 16:16:54.279  INFO 21884 --- [main] .d.s.w.r.o.CachingOperationNameGenerator : Generating unique operation named: getListForSelectUsingGET_5
2023-11-13 16:16:54.283  INFO 21884 --- [main] .d.s.w.r.o.CachingOperationNameGenerator : Generating unique operation named: insertCategoryUsingPOST_5
2023-11-13 16:16:54.288  INFO 21884 --- [main] .d.s.w.r.o.CachingOperationNameGenerator : Generating unique operation named: updateCategoryUsingPUT_5
2023-11-13 16:16:54.322  INFO 21884 --- [main] .d.s.w.r.o.CachingOperationNameGenerator : Generating unique operation named: deleteCategoryUsingDELETE_6
2023-11-13 16:16:54.324  INFO 21884 --- [main] .d.s.w.r.o.CachingOperationNameGenerator : Generating unique operation named: getCategoryListUsingGET_6
2023-11-13 16:16:54.326  INFO 21884 --- [main] .d.s.w.r.o.CachingOperationNameGenerator : Generating unique operation named: insertCategoryUsingPOST_6
2023-11-13 16:16:54.330  INFO 21884 --- [main] .d.s.w.r.o.CachingOperationNameGenerator : Generating unique operation named: updateCategoryUsingPUT_6
2023-11-13 16:16:54.352  INFO 21884 --- [main] .d.s.w.r.o.CachingOperationNameGenerator : Generating unique operation named: deleteCategoryUsingDELETE_7
2023-11-13 16:16:54.355  INFO 21884 --- [main] .d.s.w.r.o.CachingOperationNameGenerator : Generating unique operation named: getCategoryListUsingGET_7
2023-11-13 16:16:54.357  INFO 21884 --- [main] .d.s.w.r.o.CachingOperationNameGenerator : Generating unique operation named: getListForSelectUsingGET_6
2023-11-13 16:16:54.359  INFO 21884 --- [main] .d.s.w.r.o.CachingOperationNameGenerator : Generating unique operation named: insertCategoryUsingPOST_7
2023-11-13 16:16:54.362  INFO 21884 --- [main] .d.s.w.r.o.CachingOperationNameGenerator : Generating unique operation named: updateCategoryUsingPUT_7
2023-11-13 16:16:54.413  INFO 21884 --- [main] com.gdproj.App                           : Started App in 7.207 seconds (JVM running for 8.324)
2023-11-13 16:17:34.041  INFO 21884 --- [http-nio-7777-exec-2] o.a.c.c.C.[Tomcat].[localhost].[/]       : Initializing Spring DispatcherServlet 'dispatcherServlet'
2023-11-13 16:17:34.041  INFO 21884 --- [http-nio-7777-exec-2] o.s.web.servlet.DispatcherServlet        : Initializing Servlet 'dispatcherServlet'
2023-11-13 16:17:34.045  INFO 21884 --- [http-nio-7777-exec-2] o.s.web.servlet.DispatcherServlet        : Completed initialization in 2 ms
2023-11-13 16:17:34.492  INFO 21884 --- [http-nio-7777-exec-2] com.gdproj.aspect.logAspect              : ===============请求内容===============
2023-11-13 16:17:34.492  INFO 21884 --- [http-nio-7777-exec-2] com.gdproj.aspect.logAspect              : 请求方式:GET
2023-11-13 16:17:34.492  INFO 21884 --- [http-nio-7777-exec-2] com.gdproj.aspect.logAspect              : 请求地址:com.gdproj.controller.loginController
2023-11-13 16:17:34.492  INFO 21884 --- [http-nio-7777-exec-2] com.gdproj.aspect.logAspect              : 方法名称:获取后台用户信息
2023-11-13 16:17:34.492  INFO 21884 --- [http-nio-7777-exec-2] com.gdproj.aspect.logAspect              : 请求类方法:getUserInfo
2023-11-13 16:17:34.539  INFO 21884 --- [http-nio-7777-exec-2] com.gdproj.aspect.logAspect              : 请求类方法参数:[{}]
2023-11-13 16:17:34.539  INFO 21884 --- [http-nio-7777-exec-2] com.gdproj.aspect.logAspect              : ===============请求内容===============
2023-11-13 16:17:34.605  INFO 21884 --- [http-nio-7777-exec-2] com.zaxxer.hikari.HikariDataSource       : HikariPool-1 - Starting...
2023-11-13 16:17:35.134  INFO 21884 --- [http-nio-7777-exec-2] com.zaxxer.hikari.HikariDataSource       : HikariPool-1 - Start completed.
2023-11-13 16:17:35.205  INFO 21884 --- [http-nio-7777-exec-2] com.gdproj.aspect.logAspect              : ===============返回内容===============
2023-11-13 16:17:35.232  INFO 21884 --- [http-nio-7777-exec-2] com.gdproj.aspect.logAspect              : Response内容:{"code":200,"msg":"操作成功","data":{"username":"admin","name":"后端开发人员"}}
2023-11-13 16:17:35.232  INFO 21884 --- [http-nio-7777-exec-2] com.gdproj.aspect.logAspect              : 请求响应时间:665ms
2023-11-13 16:17:35.232  INFO 21884 --- [http-nio-7777-exec-2] com.gdproj.aspect.logAspect              : ===============返回内容===============
2023-11-13 16:17:35.489  INFO 21884 --- [http-nio-7777-exec-3] com.gdproj.aspect.logAspect              : ===============请求内容===============
2023-11-13 16:17:35.490  INFO 21884 --- [http-nio-7777-exec-3] com.gdproj.aspect.logAspect              : 请求方式:GET
2023-11-13 16:17:35.490  INFO 21884 --- [http-nio-7777-exec-3] com.gdproj.aspect.logAspect              : 请求地址:com.gdproj.controller.deployeeController
2023-11-13 16:17:35.490  INFO 21884 --- [http-nio-7777-exec-3] com.gdproj.aspect.logAspect              : 方法名称:查询用于选择的员工列表
2023-11-13 16:17:35.490  INFO 21884 --- [http-nio-7777-exec-3] com.gdproj.aspect.logAspect              : 请求类方法:getListForSelect
2023-11-13 16:17:35.490  INFO 21884 --- [http-nio-7777-exec-3] com.gdproj.aspect.logAspect              : 请求类方法参数:[]
2023-11-13 16:17:35.490  INFO 21884 --- [http-nio-7777-exec-3] com.gdproj.aspect.logAspect              : ===============请求内容===============
2023-11-13 16:17:35.509  INFO 21884 --- [http-nio-7777-exec-3] com.gdproj.aspect.logAspect              : ===============返回内容===============
2023-11-13 16:17:35.511  INFO 21884 --- [http-nio-7777-exec-3] com.gdproj.aspect.logAspect              : Response内容:{"code":200,"msg":"操作成功","data":[{"userId":1,"username":"张17","departmentId":3},{"userId":2,"username":"李29","departmentId":3},{"userId":3,"username":"王3","departmentId":3},{"userId":4,"username":"孙4","departmentId":3},{"userId":5,"username":"test5","departmentId":3},{"userId":6,"username":"临时工","departmentId":3},{"userId":7,"username":"7867","departmentId":3},{"userId":8,"username":"777","departmentId":3}]}
2023-11-13 16:17:35.511  INFO 21884 --- [http-nio-7777-exec-3] com.gdproj.aspect.logAspect              : 请求响应时间:19ms
2023-11-13 16:17:35.511  INFO 21884 --- [http-nio-7777-exec-3] com.gdproj.aspect.logAspect              : ===============返回内容===============
2023-11-13 16:17:35.562  INFO 21884 --- [http-nio-7777-exec-1] com.gdproj.aspect.logAspect              : ===============请求内容===============
2023-11-13 16:17:35.563  INFO 21884 --- [http-nio-7777-exec-1] com.gdproj.aspect.logAspect              : 请求方式:GET
2023-11-13 16:17:35.563  INFO 21884 --- [http-nio-7777-exec-1] com.gdproj.aspect.logAspect              : 请求地址:com.gdproj.controller.logController
2023-11-13 16:17:35.563  INFO 21884 --- [http-nio-7777-exec-1] com.gdproj.aspect.logAspect              : 方法名称:获取操作日志记录
2023-11-13 16:17:35.563  INFO 21884 --- [http-nio-7777-exec-1] com.gdproj.aspect.logAspect              : 请求类方法:getLogList
2023-11-13 16:17:35.564  INFO 21884 --- [http-nio-7777-exec-1] com.gdproj.aspect.logAspect              : 请求类方法参数:[{"pageNum":1,"pageSize":10,"title":"","sort":"+id"}]
2023-11-13 16:17:35.564  INFO 21884 --- [http-nio-7777-exec-1] com.gdproj.aspect.logAspect              : ===============请求内容===============
2023-11-13 16:17:35.616  INFO 21884 --- [http-nio-7777-exec-1] com.gdproj.aspect.logAspect              : ===============返回内容===============
2023-11-13 16:17:35.617  INFO 21884 --- [http-nio-7777-exec-1] com.gdproj.aspect.logAspect              : Response内容:{"code":200,"msg":"操作成功","data":{"Data":[],"total":0}}
2023-11-13 16:17:35.617  INFO 21884 --- [http-nio-7777-exec-1] com.gdproj.aspect.logAspect              : 请求响应时间:52ms
2023-11-13 16:17:35.617  INFO 21884 --- [http-nio-7777-exec-1] com.gdproj.aspect.logAspect              : ===============返回内容===============
2023-11-13 16:21:40.820  INFO 21884 --- [SpringApplicationShutdownHook] com.zaxxer.hikari.HikariDataSource       : HikariPool-1 - Shutdown initiated...
2023-11-13 16:21:40.828  INFO 21884 --- [SpringApplicationShutdownHook] com.zaxxer.hikari.HikariDataSource       : HikariPool-1 - Shutdown completed.
2023-11-13 16:22:03.912  INFO 22364 --- [main] com.gdproj.App                           : Starting App using Java 1.8.0_331 on DJHUA-PC with PID 22364 (E:\sch-work-space\projects\hbkj\hboa\admin\target\classes started by Administrator in E:\sch-work-space\projects\hbkj\hboa)
2023-11-13 16:22:03.914  INFO 22364 --- [main] com.gdproj.App                           : No active profile set, falling back to 1 default profile: "default"
2023-11-13 16:22:07.257  INFO 22364 --- [main] o.s.b.w.embedded.tomcat.TomcatWebServer  : Tomcat initialized with port(s): 7777 (http)
2023-11-13 16:22:07.269  INFO 22364 --- [main] o.apache.catalina.core.StandardService   : Starting service [Tomcat]
2023-11-13 16:22:07.269  INFO 22364 --- [main] org.apache.catalina.core.StandardEngine  : Starting Servlet engine: [Apache Tomcat/9.0.78]
2023-11-13 16:22:07.655  INFO 22364 --- [main] o.a.c.c.C.[Tomcat].[localhost].[/]       : Initializing Spring embedded WebApplicationContext
2023-11-13 16:22:07.655  INFO 22364 --- [main] w.s.c.ServletWebServerApplicationContext : Root WebApplicationContext: initialization completed in 3684 ms
2023-11-13 16:22:10.608  INFO 22364 --- [main] pertySourcedRequestMappingHandlerMapping : Mapped URL path [/v2/api-docs] onto method [springfox.documentation.swagger2.web.Swagger2Controller#getDocumentation(String, HttpServletRequest)]
2023-11-13 16:22:11.177  INFO 22364 --- [main] o.s.b.w.embedded.tomcat.TomcatWebServer  : Tomcat started on port(s): 7777 (http) with context path ''
2023-11-13 16:22:11.178  INFO 22364 --- [main] d.s.w.p.DocumentationPluginsBootstrapper : Context refreshed
2023-11-13 16:22:11.208  INFO 22364 --- [main] d.s.w.p.DocumentationPluginsBootstrapper : Found 1 custom documentation plugin(s)
2023-11-13 16:22:11.248  INFO 22364 --- [main] s.d.s.w.s.ApiListingReferenceScanner     : Scanning for api listing references
2023-11-13 16:22:11.442  INFO 22364 --- [main] .d.s.w.r.o.CachingOperationNameGenerator : Generating unique operation named: getListForSelectUsingGET_1
2023-11-13 16:22:11.498  INFO 22364 --- [main] .d.s.w.r.o.CachingOperationNameGenerator : Generating unique operation named: getListForSelectUsingGET_2
2023-11-13 16:22:11.509  INFO 22364 --- [main] .d.s.w.r.o.CachingOperationNameGenerator : Generating unique operation named: getListForSelectUsingGET_3
2023-11-13 16:22:11.521  INFO 22364 --- [main] .d.s.w.r.o.CachingOperationNameGenerator : Generating unique operation named: getListForSelectUsingGET_4
2023-11-13 16:22:11.543  INFO 22364 --- [main] .d.s.w.r.o.CachingOperationNameGenerator : Generating unique operation named: deleteCategoryUsingDELETE_1
2023-11-13 16:22:11.546  INFO 22364 --- [main] .d.s.w.r.o.CachingOperationNameGenerator : Generating unique operation named: getCategoryListUsingGET_1
2023-11-13 16:22:11.551  INFO 22364 --- [main] .d.s.w.r.o.CachingOperationNameGenerator : Generating unique operation named: insertCategoryUsingPOST_1
2023-11-13 16:22:11.556  INFO 22364 --- [main] .d.s.w.r.o.CachingOperationNameGenerator : Generating unique operation named: updateCategoryUsingPUT_1
2023-11-13 16:22:11.605  INFO 22364 --- [main] .d.s.w.r.o.CachingOperationNameGenerator : Generating unique operation named: deleteCategoryUsingDELETE_2
2023-11-13 16:22:11.608  INFO 22364 --- [main] .d.s.w.r.o.CachingOperationNameGenerator : Generating unique operation named: getCategoryListUsingGET_2
2023-11-13 16:22:11.611  INFO 22364 --- [main] .d.s.w.r.o.CachingOperationNameGenerator : Generating unique operation named: insertCategoryUsingPOST_2
2023-11-13 16:22:11.613  INFO 22364 --- [main] .d.s.w.r.o.CachingOperationNameGenerator : Generating unique operation named: updateCategoryUsingPUT_2
2023-11-13 16:22:11.616  INFO 22364 --- [main] .d.s.w.r.o.CachingOperationNameGenerator : Generating unique operation named: deleteCategoryUsingDELETE_3
2023-11-13 16:22:11.619  INFO 22364 --- [main] .d.s.w.r.o.CachingOperationNameGenerator : Generating unique operation named: getCategoryListUsingGET_3
2023-11-13 16:22:11.645  INFO 22364 --- [main] .d.s.w.r.o.CachingOperationNameGenerator : Generating unique operation named: insertCategoryUsingPOST_3
2023-11-13 16:22:11.650  INFO 22364 --- [main] .d.s.w.r.o.CachingOperationNameGenerator : Generating unique operation named: updateCategoryUsingPUT_3
2023-11-13 16:22:11.664  INFO 22364 --- [main] .d.s.w.r.o.CachingOperationNameGenerator : Generating unique operation named: deleteCategoryUsingDELETE_4
2023-11-13 16:22:11.666  INFO 22364 --- [main] .d.s.w.r.o.CachingOperationNameGenerator : Generating unique operation named: getCategoryListUsingGET_4
2023-11-13 16:22:11.671  INFO 22364 --- [main] .d.s.w.r.o.CachingOperationNameGenerator : Generating unique operation named: insertCategoryUsingPOST_4
2023-11-13 16:22:11.677  INFO 22364 --- [main] .d.s.w.r.o.CachingOperationNameGenerator : Generating unique operation named: updateCategoryUsingPUT_4
2023-11-13 16:22:11.681  INFO 22364 --- [main] .d.s.w.r.o.CachingOperationNameGenerator : Generating unique operation named: deleteCategoryUsingDELETE_5
2023-11-13 16:22:11.688  INFO 22364 --- [main] .d.s.w.r.o.CachingOperationNameGenerator : Generating unique operation named: getCategoryListUsingGET_5
2023-11-13 16:22:11.689  INFO 22364 --- [main] .d.s.w.r.o.CachingOperationNameGenerator : Generating unique operation named: getListForSelectUsingGET_5
2023-11-13 16:22:11.696  INFO 22364 --- [main] .d.s.w.r.o.CachingOperationNameGenerator : Generating unique operation named: insertCategoryUsingPOST_5
2023-11-13 16:22:11.706  INFO 22364 --- [main] .d.s.w.r.o.CachingOperationNameGenerator : Generating unique operation named: updateCategoryUsingPUT_5
2023-11-13 16:22:11.755  INFO 22364 --- [main] .d.s.w.r.o.CachingOperationNameGenerator : Generating unique operation named: deleteCategoryUsingDELETE_6
2023-11-13 16:22:11.758  INFO 22364 --- [main] .d.s.w.r.o.CachingOperationNameGenerator : Generating unique operation named: getCategoryListUsingGET_6
2023-11-13 16:22:11.760  INFO 22364 --- [main] .d.s.w.r.o.CachingOperationNameGenerator : Generating unique operation named: insertCategoryUsingPOST_6
2023-11-13 16:22:11.764  INFO 22364 --- [main] .d.s.w.r.o.CachingOperationNameGenerator : Generating unique operation named: updateCategoryUsingPUT_6
2023-11-13 16:22:11.789  INFO 22364 --- [main] .d.s.w.r.o.CachingOperationNameGenerator : Generating unique operation named: deleteCategoryUsingDELETE_7
2023-11-13 16:22:11.791  INFO 22364 --- [main] .d.s.w.r.o.CachingOperationNameGenerator : Generating unique operation named: getCategoryListUsingGET_7
2023-11-13 16:22:11.791  INFO 22364 --- [main] .d.s.w.r.o.CachingOperationNameGenerator : Generating unique operation named: getListForSelectUsingGET_6
2023-11-13 16:22:11.794  INFO 22364 --- [main] .d.s.w.r.o.CachingOperationNameGenerator : Generating unique operation named: insertCategoryUsingPOST_7
2023-11-13 16:22:11.797  INFO 22364 --- [main] .d.s.w.r.o.CachingOperationNameGenerator : Generating unique operation named: updateCategoryUsingPUT_7
2023-11-13 16:22:11.844  INFO 22364 --- [main] com.gdproj.App                           : Started App in 8.499 seconds (JVM running for 9.876)
