2023-11-14 10:23:44.661  INFO 3860 --- [main] com.gdproj.App                           : Starting App using Java 1.8.0_331 on DJHUA-PC with PID 3860 (E:\sch-work-space\projects\hbkj\hboa\admin\target\classes started by Administrator in E:\sch-work-space\projects\hbkj\hboa)
2023-11-14 10:23:44.664  INFO 3860 --- [main] com.gdproj.App                           : No active profile set, falling back to 1 default profile: "default"
2023-11-14 10:23:46.387  INFO 3860 --- [main] o.s.b.w.embedded.tomcat.TomcatWebServer  : Tomcat initialized with port(s): 7777 (http)
2023-11-14 10:23:46.396  INFO 3860 --- [main] o.apache.catalina.core.StandardService   : Starting service [Tomcat]
2023-11-14 10:23:46.396  INFO 3860 --- [main] org.apache.catalina.core.StandardEngine  : Starting Servlet engine: [Apache Tomcat/9.0.78]
2023-11-14 10:23:46.701  INFO 3860 --- [main] o.a.c.c.C.[Tomcat].[localhost].[/]       : Initializing Spring embedded WebApplicationContext
2023-11-14 10:23:46.702  INFO 3860 --- [main] w.s.c.ServletWebServerApplicationContext : Root WebApplicationContext: initialization completed in 2000 ms
2023-11-14 10:23:49.415  INFO 3860 --- [main] pertySourcedRequestMappingHandlerMapping : Mapped URL path [/v2/api-docs] onto method [springfox.documentation.swagger2.web.Swagger2Controller#getDocumentation(String, HttpServletRequest)]
2023-11-14 10:23:49.801  INFO 3860 --- [main] o.s.b.w.embedded.tomcat.TomcatWebServer  : Tomcat started on port(s): 7777 (http) with context path ''
2023-11-14 10:23:49.802  INFO 3860 --- [main] d.s.w.p.DocumentationPluginsBootstrapper : Context refreshed
2023-11-14 10:23:49.818  INFO 3860 --- [main] d.s.w.p.DocumentationPluginsBootstrapper : Found 1 custom documentation plugin(s)
2023-11-14 10:23:49.851  INFO 3860 --- [main] s.d.s.w.s.ApiListingReferenceScanner     : Scanning for api listing references
2023-11-14 10:23:50.023  INFO 3860 --- [main] .d.s.w.r.o.CachingOperationNameGenerator : Generating unique operation named: getListForSelectUsingGET_1
2023-11-14 10:23:50.089  INFO 3860 --- [main] .d.s.w.r.o.CachingOperationNameGenerator : Generating unique operation named: getListForSelectUsingGET_2
2023-11-14 10:23:50.098  INFO 3860 --- [main] .d.s.w.r.o.CachingOperationNameGenerator : Generating unique operation named: getListForSelectUsingGET_3
2023-11-14 10:23:50.108  INFO 3860 --- [main] .d.s.w.r.o.CachingOperationNameGenerator : Generating unique operation named: getListForSelectUsingGET_4
2023-11-14 10:23:50.135  INFO 3860 --- [main] .d.s.w.r.o.CachingOperationNameGenerator : Generating unique operation named: deleteCategoryUsingDELETE_1
2023-11-14 10:23:50.139  INFO 3860 --- [main] .d.s.w.r.o.CachingOperationNameGenerator : Generating unique operation named: getCategoryListUsingGET_1
2023-11-14 10:23:50.142  INFO 3860 --- [main] .d.s.w.r.o.CachingOperationNameGenerator : Generating unique operation named: insertCategoryUsingPOST_1
2023-11-14 10:23:50.148  INFO 3860 --- [main] .d.s.w.r.o.CachingOperationNameGenerator : Generating unique operation named: updateCategoryUsingPUT_1
2023-11-14 10:23:50.183  INFO 3860 --- [main] .d.s.w.r.o.CachingOperationNameGenerator : Generating unique operation named: deleteCategoryUsingDELETE_2
2023-11-14 10:23:50.186  INFO 3860 --- [main] .d.s.w.r.o.CachingOperationNameGenerator : Generating unique operation named: getCategoryListUsingGET_2
2023-11-14 10:23:50.189  INFO 3860 --- [main] .d.s.w.r.o.CachingOperationNameGenerator : Generating unique operation named: insertCategoryUsingPOST_2
2023-11-14 10:23:50.190  INFO 3860 --- [main] .d.s.w.r.o.CachingOperationNameGenerator : Generating unique operation named: updateCategoryUsingPUT_2
2023-11-14 10:23:50.194  INFO 3860 --- [main] .d.s.w.r.o.CachingOperationNameGenerator : Generating unique operation named: deleteCategoryUsingDELETE_3
2023-11-14 10:23:50.197  INFO 3860 --- [main] .d.s.w.r.o.CachingOperationNameGenerator : Generating unique operation named: getCategoryListUsingGET_3
2023-11-14 10:23:50.199  INFO 3860 --- [main] .d.s.w.r.o.CachingOperationNameGenerator : Generating unique operation named: insertCategoryUsingPOST_3
2023-11-14 10:23:50.204  INFO 3860 --- [main] .d.s.w.r.o.CachingOperationNameGenerator : Generating unique operation named: updateCategoryUsingPUT_3
2023-11-14 10:23:50.216  INFO 3860 --- [main] .d.s.w.r.o.CachingOperationNameGenerator : Generating unique operation named: deleteCategoryUsingDELETE_4
2023-11-14 10:23:50.218  INFO 3860 --- [main] .d.s.w.r.o.CachingOperationNameGenerator : Generating unique operation named: getCategoryListUsingGET_4
2023-11-14 10:23:50.221  INFO 3860 --- [main] .d.s.w.r.o.CachingOperationNameGenerator : Generating unique operation named: insertCategoryUsingPOST_4
2023-11-14 10:23:50.229  INFO 3860 --- [main] .d.s.w.r.o.CachingOperationNameGenerator : Generating unique operation named: updateCategoryUsingPUT_4
2023-11-14 10:23:50.236  INFO 3860 --- [main] .d.s.w.r.o.CachingOperationNameGenerator : Generating unique operation named: deleteCategoryUsingDELETE_5
2023-11-14 10:23:50.240  INFO 3860 --- [main] .d.s.w.r.o.CachingOperationNameGenerator : Generating unique operation named: getCategoryListUsingGET_5
2023-11-14 10:23:50.241  INFO 3860 --- [main] .d.s.w.r.o.CachingOperationNameGenerator : Generating unique operation named: getListForSelectUsingGET_5
2023-11-14 10:23:50.244  INFO 3860 --- [main] .d.s.w.r.o.CachingOperationNameGenerator : Generating unique operation named: insertCategoryUsingPOST_5
2023-11-14 10:23:50.248  INFO 3860 --- [main] .d.s.w.r.o.CachingOperationNameGenerator : Generating unique operation named: updateCategoryUsingPUT_5
2023-11-14 10:23:50.293  INFO 3860 --- [main] .d.s.w.r.o.CachingOperationNameGenerator : Generating unique operation named: deleteCategoryUsingDELETE_6
2023-11-14 10:23:50.295  INFO 3860 --- [main] .d.s.w.r.o.CachingOperationNameGenerator : Generating unique operation named: getCategoryListUsingGET_6
2023-11-14 10:23:50.297  INFO 3860 --- [main] .d.s.w.r.o.CachingOperationNameGenerator : Generating unique operation named: insertCategoryUsingPOST_6
2023-11-14 10:23:50.301  INFO 3860 --- [main] .d.s.w.r.o.CachingOperationNameGenerator : Generating unique operation named: updateCategoryUsingPUT_6
2023-11-14 10:23:50.335  INFO 3860 --- [main] .d.s.w.r.o.CachingOperationNameGenerator : Generating unique operation named: deleteCategoryUsingDELETE_7
2023-11-14 10:23:50.341  INFO 3860 --- [main] .d.s.w.r.o.CachingOperationNameGenerator : Generating unique operation named: getCategoryListUsingGET_7
2023-11-14 10:23:50.342  INFO 3860 --- [main] .d.s.w.r.o.CachingOperationNameGenerator : Generating unique operation named: getListForSelectUsingGET_6
2023-11-14 10:23:50.344  INFO 3860 --- [main] .d.s.w.r.o.CachingOperationNameGenerator : Generating unique operation named: insertCategoryUsingPOST_7
2023-11-14 10:23:50.348  INFO 3860 --- [main] .d.s.w.r.o.CachingOperationNameGenerator : Generating unique operation named: updateCategoryUsingPUT_7
2023-11-14 10:23:50.391  INFO 3860 --- [main] com.gdproj.App                           : Started App in 6.214 seconds (JVM running for 7.372)
2023-11-14 10:23:52.548  INFO 3860 --- [http-nio-7777-exec-2] o.a.c.c.C.[Tomcat].[localhost].[/]       : Initializing Spring DispatcherServlet 'dispatcherServlet'
2023-11-14 10:23:52.549  INFO 3860 --- [http-nio-7777-exec-2] o.s.web.servlet.DispatcherServlet        : Initializing Servlet 'dispatcherServlet'
2023-11-14 10:23:52.551  INFO 3860 --- [http-nio-7777-exec-2] o.s.web.servlet.DispatcherServlet        : Completed initialization in 2 ms
2023-11-14 10:23:53.076  INFO 3860 --- [http-nio-7777-exec-2] com.gdproj.aspect.logAspect              : ===============请求===============
2023-11-14 10:23:53.076  INFO 3860 --- [http-nio-7777-exec-2] com.gdproj.aspect.logAspect              : 请求方式:GET
2023-11-14 10:23:53.076  INFO 3860 --- [http-nio-7777-exec-2] com.gdproj.aspect.logAspect              : 请求地址:com.gdproj.controller.loginController
2023-11-14 10:23:53.077  INFO 3860 --- [http-nio-7777-exec-2] com.gdproj.aspect.logAspect              : 方法名称:获取后台用户信息
2023-11-14 10:23:53.077  INFO 3860 --- [http-nio-7777-exec-2] com.gdproj.aspect.logAspect              : 请求类方法:getUserInfo
2023-11-14 10:23:53.117  INFO 3860 --- [http-nio-7777-exec-2] com.gdproj.aspect.logAspect              : 请求类方法参数:[{}]
2023-11-14 10:23:53.117  INFO 3860 --- [http-nio-7777-exec-2] com.gdproj.aspect.logAspect              : ===============请求===============
2023-11-14 10:23:53.301  INFO 3860 --- [http-nio-7777-exec-2] com.zaxxer.hikari.HikariDataSource       : HikariPool-1 - Starting...
2023-11-14 10:23:54.247  INFO 3860 --- [http-nio-7777-exec-2] com.zaxxer.hikari.HikariDataSource       : HikariPool-1 - Start completed.
2023-11-14 10:23:54.322  INFO 3860 --- [http-nio-7777-exec-2] com.gdproj.aspect.logAspect              : ===============返回===============
2023-11-14 10:23:54.346  INFO 3860 --- [http-nio-7777-exec-2] com.gdproj.aspect.logAspect              : Response内容:{"code":200,"msg":"操作成功","data":{"username":"admin","name":"后端开发人员"}}
2023-11-14 10:23:54.347  INFO 3860 --- [http-nio-7777-exec-2] com.gdproj.aspect.logAspect              : 请求响应时间:1205ms
2023-11-14 10:23:54.347  INFO 3860 --- [http-nio-7777-exec-2] com.gdproj.aspect.logAspect              : ===============返回===============
2023-11-14 10:23:54.832  INFO 3860 --- [http-nio-7777-exec-1] com.gdproj.aspect.logAspect              : ===============请求===============
2023-11-14 10:23:54.832  INFO 3860 --- [http-nio-7777-exec-1] com.gdproj.aspect.logAspect              : 请求方式:GET
2023-11-14 10:23:54.832  INFO 3860 --- [http-nio-7777-exec-1] com.gdproj.aspect.logAspect              : 请求地址:com.gdproj.controller.departmentController
2023-11-14 10:23:54.832  INFO 3860 --- [http-nio-7777-exec-1] com.gdproj.aspect.logAspect              : 方法名称:查询用于选择的部门列表
2023-11-14 10:23:54.833  INFO 3860 --- [http-nio-7777-exec-1] com.gdproj.aspect.logAspect              : 请求类方法:getListForSelect
2023-11-14 10:23:54.833  INFO 3860 --- [http-nio-7777-exec-1] com.gdproj.aspect.logAspect              : 请求类方法参数:[]
2023-11-14 10:23:54.833  INFO 3860 --- [http-nio-7777-exec-1] com.gdproj.aspect.logAspect              : ===============请求===============
2023-11-14 10:23:54.841  INFO 3860 --- [http-nio-7777-exec-3] com.gdproj.aspect.logAspect              : ===============请求===============
2023-11-14 10:23:54.841  INFO 3860 --- [http-nio-7777-exec-3] com.gdproj.aspect.logAspect              : 请求方式:GET
2023-11-14 10:23:54.842  INFO 3860 --- [http-nio-7777-exec-3] com.gdproj.aspect.logAspect              : 请求地址:com.gdproj.controller.overtimeController
2023-11-14 10:23:54.842  INFO 3860 --- [http-nio-7777-exec-3] com.gdproj.aspect.logAspect              : 方法名称:查询加班列表
2023-11-14 10:23:54.842  INFO 3860 --- [http-nio-7777-exec-3] com.gdproj.aspect.logAspect              : 请求类方法:getOvertimeList
2023-11-14 10:23:54.842  INFO 3860 --- [http-nio-7777-exec-3] com.gdproj.aspect.logAspect              : 请求类方法参数:[1,10,"+id",""]
2023-11-14 10:23:54.842  INFO 3860 --- [http-nio-7777-exec-3] com.gdproj.aspect.logAspect              : ===============请求===============
2023-11-14 10:23:54.850  INFO 3860 --- [http-nio-7777-exec-1] com.gdproj.aspect.logAspect              : ===============返回===============
2023-11-14 10:23:54.853  INFO 3860 --- [http-nio-7777-exec-1] com.gdproj.aspect.logAspect              : Response内容:{"code":200,"msg":"操作成功","data":[{"Id":1,"Name":"高层","children":[{"Id":2,"Name":"中层111","children":[{"Id":3,"Name":"中层下部门1","children":[],"parentId":2},{"Id":4,"Name":"中层下部门2","children":[],"parentId":2},{"Id":5,"Name":"中层下部门3","children":[],"parentId":2}],"parentId":1},{"Id":6,"Name":"中层222","children":[],"parentId":1}],"parentId":0},{"Id":7,"Name":"test","children":[],"parentId":0},{"Id":8,"Name":"外部","children":[],"parentId":0},{"Id":9,"Name":"777","children":[{"Id":10,"Name":"777-1","children":[],"parentId":9}],"parentId":0}]}
2023-11-14 10:23:54.853  INFO 3860 --- [http-nio-7777-exec-1] com.gdproj.aspect.logAspect              : 请求响应时间:17ms
2023-11-14 10:23:54.853  INFO 3860 --- [http-nio-7777-exec-1] com.gdproj.aspect.logAspect              : ===============返回===============
2023-11-14 10:23:55.018  INFO 3860 --- [http-nio-7777-exec-3] com.gdproj.aspect.logAspect              : ===============返回===============
2023-11-14 10:23:55.027  INFO 3860 --- [http-nio-7777-exec-3] com.gdproj.aspect.logAspect              : Response内容:{"code":200,"msg":"操作成功","data":{"Data":[{"overtimeId":1,"Username":"张17","Department":"中层下部门1","overtimeHours":2,"categoryId":1,"Category":"指派","startTime":1694568837000,"endTime":1694576052000,"overtimeStatus":0,"applicantId":1,"executorId":1,"departmentId":3,"typeId":1,"overtimeTitle":"加班申请1"},{"overtimeId":2,"Username":"张17","Department":"中层下部门1","overtimeHours":2,"categoryId":2,"Category":"自愿","startTime":1694741641000,"endTime":1694748860000,"overtimeStatus":1,"applicantId":1,"executorId":1,"departmentId":3,"typeId":1},{"overtimeId":3,"Username":"李29","Department":"中层下部门1","overtimeHours":34,"categoryId":2,"Category":"自愿","startTime":1694655244000,"endTime":1694777664000,"overtimeStatus":1,"applicantId":2,"executorId":2,"departmentId":3,"typeId":1},{"overtimeId":4,"Username":"张17","Department":"中层下部门1","overtimeHours":-107,"categoryId":2,"Category":"自愿","startTime":1695139200000,"endTime":1694752468000,"overtimeDescription":"7878","overtimeStatus":0,"applicantId":1,"executorId":1,"departmentId":3,"typeId":1},{"overtimeId":7,"Username":"张17","Department":"中层下部门1","overtimeHours":0,"categoryId":1,"Category":"指派","overtimeDescription":"","overtimePic":[{"name":"banner2-mb.png","url":"/images/86ae83a221e14d04838f3f24b7fc7bae.png"}],"overtimeStatus":1,"applicantId":1,"executorId":1,"departmentId":3,"typeId":1},{"overtimeId":8,"Username":"张17","Department":"中层下部门1","overtimeHours":0,"categoryId":1,"Category":"指派","overtimeDescription":"","overtimeStatus":1,"applicantId":1,"executorId":1,"departmentId":3,"typeId":1},{"overtimeId":9,"Username":"张17","Department":"中层下部门1","overtimeHours":0,"categoryId":1,"Category":"指派","overtimeDescription":"","overtimeStatus":1,"applicantId":1,"executorId":1,"departmentId":3,"typeId":1},{"overtimeId":11,"Username":"张17","Department":"中层下部门1","overtimeHours":0,"categoryId":1,"Category":"指派","overtimeDescription":"","overtimeStatus":1,"applicantId":1,"executorId":1,"departmentId":3,"typeId":1},{"overtimeId":12,"Username":"张17","Department":"中层下部门1","overtimeHours":0,"categoryId":1,"Category":"指派","overtimeDescription":"","overtimeStatus":1,"applicantId":1,"executorId":1,"departmentId":3,"typeId":1},{"overtimeId":13,"Username":"李29","Department":"中层下部门1","overtimeHours":0,"categoryId":2,"Category":"自愿","overtimeDescription":"","overtimeStatus":1,"applicantId":2,"executorId":2,"departmentId":3,"typeId":1}],"total":32}}
2023-11-14 10:23:55.027  INFO 3860 --- [http-nio-7777-exec-3] com.gdproj.aspect.logAspect              : 请求响应时间:176ms
2023-11-14 10:23:55.027  INFO 3860 --- [http-nio-7777-exec-3] com.gdproj.aspect.logAspect              : ===============返回===============
2023-11-14 10:23:55.145  INFO 3860 --- [http-nio-7777-exec-4] com.gdproj.aspect.logAspect              : ===============请求===============
2023-11-14 10:23:55.145  INFO 3860 --- [http-nio-7777-exec-4] com.gdproj.aspect.logAspect              : 请求方式:GET
2023-11-14 10:23:55.145  INFO 3860 --- [http-nio-7777-exec-4] com.gdproj.aspect.logAspect              : 请求地址:com.gdproj.controller.overtimeController
2023-11-14 10:23:55.145  INFO 3860 --- [http-nio-7777-exec-4] com.gdproj.aspect.logAspect              : 方法名称:查询类型列表
2023-11-14 10:23:55.145  INFO 3860 --- [http-nio-7777-exec-4] com.gdproj.aspect.logAspect              : 请求类方法:getCategoryList
2023-11-14 10:23:55.145  INFO 3860 --- [http-nio-7777-exec-4] com.gdproj.aspect.logAspect              : 请求类方法参数:[]
2023-11-14 10:23:55.145  INFO 3860 --- [http-nio-7777-exec-4] com.gdproj.aspect.logAspect              : ===============请求===============
2023-11-14 10:23:55.147  INFO 3860 --- [http-nio-7777-exec-6] com.gdproj.aspect.logAspect              : ===============请求===============
2023-11-14 10:23:55.147  INFO 3860 --- [http-nio-7777-exec-6] com.gdproj.aspect.logAspect              : 请求方式:GET
2023-11-14 10:23:55.147  INFO 3860 --- [http-nio-7777-exec-6] com.gdproj.aspect.logAspect              : 请求地址:com.gdproj.controller.leaveController
2023-11-14 10:23:55.147  INFO 3860 --- [http-nio-7777-exec-6] com.gdproj.aspect.logAspect              : 方法名称:查询请假列表
2023-11-14 10:23:55.147  INFO 3860 --- [http-nio-7777-exec-6] com.gdproj.aspect.logAspect              : 请求类方法:getLeaveList
2023-11-14 10:23:55.147  INFO 3860 --- [http-nio-7777-exec-6] com.gdproj.aspect.logAspect              : 请求类方法参数:[1,10,"+id",""]
2023-11-14 10:23:55.147  INFO 3860 --- [http-nio-7777-exec-6] com.gdproj.aspect.logAspect              : ===============请求===============
2023-11-14 10:23:55.150  INFO 3860 --- [http-nio-7777-exec-4] com.gdproj.aspect.logAspect              : ===============返回===============
2023-11-14 10:23:55.151  INFO 3860 --- [http-nio-7777-exec-4] com.gdproj.aspect.logAspect              : Response内容:{"code":200,"msg":"操作成功","data":[{"categoryId":1,"categoryName":"指派"},{"categoryId":2,"categoryName":"自愿"}]}
2023-11-14 10:23:55.151  INFO 3860 --- [http-nio-7777-exec-4] com.gdproj.aspect.logAspect              : 请求响应时间:5ms
2023-11-14 10:23:55.151  INFO 3860 --- [http-nio-7777-exec-4] com.gdproj.aspect.logAspect              : ===============返回===============
2023-11-14 10:23:55.163  INFO 3860 --- [http-nio-7777-exec-5] com.gdproj.aspect.logAspect              : ===============请求===============
2023-11-14 10:23:55.163  INFO 3860 --- [http-nio-7777-exec-5] com.gdproj.aspect.logAspect              : 请求方式:GET
2023-11-14 10:23:55.163  INFO 3860 --- [http-nio-7777-exec-5] com.gdproj.aspect.logAspect              : 请求地址:com.gdproj.controller.leaveController
2023-11-14 10:23:55.164  INFO 3860 --- [http-nio-7777-exec-5] com.gdproj.aspect.logAspect              : 方法名称:查询类型
2023-11-14 10:23:55.164  INFO 3860 --- [http-nio-7777-exec-5] com.gdproj.aspect.logAspect              : 请求类方法:getCategoryList
2023-11-14 10:23:55.164  INFO 3860 --- [http-nio-7777-exec-5] com.gdproj.aspect.logAspect              : 请求类方法参数:[]
2023-11-14 10:23:55.164  INFO 3860 --- [http-nio-7777-exec-5] com.gdproj.aspect.logAspect              : ===============请求===============
2023-11-14 10:23:55.173  INFO 3860 --- [http-nio-7777-exec-5] com.gdproj.aspect.logAspect              : ===============返回===============
2023-11-14 10:23:55.174  INFO 3860 --- [http-nio-7777-exec-5] com.gdproj.aspect.logAspect              : Response内容:{"code":200,"msg":"操作成功","data":[{"categoryId":1,"categoryName":"事假"},{"categoryId":2,"categoryName":"病假"}]}
2023-11-14 10:23:55.174  INFO 3860 --- [http-nio-7777-exec-5] com.gdproj.aspect.logAspect              : 请求响应时间:9ms
2023-11-14 10:23:55.174  INFO 3860 --- [http-nio-7777-exec-5] com.gdproj.aspect.logAspect              : ===============返回===============
2023-11-14 10:23:55.178  INFO 3860 --- [http-nio-7777-exec-8] com.gdproj.aspect.logAspect              : ===============请求===============
2023-11-14 10:23:55.178  INFO 3860 --- [http-nio-7777-exec-8] com.gdproj.aspect.logAspect              : 请求方式:GET
2023-11-14 10:23:55.178  INFO 3860 --- [http-nio-7777-exec-8] com.gdproj.aspect.logAspect              : 请求地址:com.gdproj.controller.dailyuseController
2023-11-14 10:23:55.178  INFO 3860 --- [http-nio-7777-exec-8] com.gdproj.aspect.logAspect              : 方法名称:查询日常领用列表
2023-11-14 10:23:55.178  INFO 3860 --- [http-nio-7777-exec-8] com.gdproj.aspect.logAspect              : 请求类方法:getDailyUseList
2023-11-14 10:23:55.179  INFO 3860 --- [http-nio-7777-exec-8] com.gdproj.aspect.logAspect              : 请求类方法参数:[1,10,"-id",""]
2023-11-14 10:23:55.179  INFO 3860 --- [http-nio-7777-exec-8] com.gdproj.aspect.logAspect              : ===============请求===============
2023-11-14 10:23:55.250  INFO 3860 --- [http-nio-7777-exec-8] com.gdproj.aspect.logAspect              : ===============返回===============
2023-11-14 10:23:55.257  INFO 3860 --- [http-nio-7777-exec-8] com.gdproj.aspect.logAspect              : Response内容:{"code":200,"msg":"操作成功","data":{"Data":[{"dailyuseId":23,"dailyuseTitle":"78","dailyuseContent":[{"stockId":1,"stockName":"办公文具1","stockNum":22,"count":22,"unit":"米"},{"stockId":3,"stockName":"常用耗材1","stockNum":13,"count":2,"unit":"个"}],"createdTime":1699491477000,"updateTime":1699517135000,"categoryId":1,"purposeId":1,"dailyuseDescription":"1234","dailyuseStatus":1,"typeId":4,"userId":1,"returnTime":1699491460000,"dailyuseTime":1699491459000,"Category":"入库","Username":"张17"},{"dailyuseId":22,"dailyuseTitle":"78787878","dailyuseContent":[{"stockId":1,"stockName":"办公文具1","stockNum":0,"count":1,"unit":"米"},{"stockId":3,"stockName":"常用耗材1","stockNum":0,"count":1,"unit":"个"}],"createdTime":1699491281000,"updateTime":1699491281000,"categoryId":1,"purposeId":1,"dailyuseDescription":"7878","dailyuseStatus":1,"typeId":4,"userId":4,"returnTime":1699491278000,"dailyuseTime":1699491277000,"Category":"入库","Username":"孙4"},{"dailyuseId":21,"dailyuseTitle":"孙4 入库 项目使用","dailyuseContent":[{"stockId":1,"stockName":"办公文具1","stockNum":0,"count":5,"unit":""},{"stockId":3,"stockName":"常用耗材1","stockNum":0,"count":4,"unit":""}],"createdTime":1699490055000,"updateTime":1699490234000,"categoryId":1,"purposeId":2,"dailyuseDescription":"孙4项目事由","dailyuseStatus":1,"typeId":4,"userId":4,"returnTime":1699490232000,"dailyuseTime":1699490232000,"Category":"入库","Username":"孙4"},{"dailyuseId":20,"dailyuseTitle":"","dailyuseContent":[{"stockId":1,"stockName":"办公文具1","stockNum":0,"count":1,"unit":""},{"stockId":3,"stockName":"常用耗材1","stockNum":0,"count":2,"unit":""}],"createdTime":1699346539000,"updateTime":1699489113000,"categoryId":2,"purposeId":2,"dailyuseStatus":1,"typeId":4,"userId":1,"Category":"出库","Username":"张17"},{"dailyuseId":19,"dailyuseTitle":"1","dailyuseContent":[],"createdTime":1699342737000,"updateTime":1699342737000,"categoryId":1,"purposeId":1,"dailyuseDescription":"1","dailyuseStatus":1,"userId":1,"Category":"入库","Username":"张17"},{"dailyuseId":14,"dailyuseTitle":"1","dailyuseContent":[],"createdTime":1699339941000,"updateTime":1699339941000,"categoryId":1,"purposeId":1,"dailyuseDescription":"1","dailyuseStatus":1,"typeId":4,"userId":1,"Category":"入库","Username":"张17"},{"dailyuseId":13,"dailyuseTitle":"1","dailyuseContent":[],"createdTime":1699339818000,"updateTime":1699339818000,"categoryId":1,"purposeId":1,"dailyuseDescription":"1","dailyuseStatus":1,"typeId":4,"userId":1,"Category":"入库","Username":"张17"},{"dailyuseId":12,"dailyuseTitle":"1","dailyuseContent":[],"createdTime":1699339773000,"updateTime":1699339773000,"categoryId":1,"purposeId":1,"dailyuseDescription":"1","dailyuseStatus":1,"typeId":4,"userId":1,"Category":"入库","Username":"张17"},{"dailyuseId":11,"dailyuseTitle":"777的第一次入库","dailyuseContent":[{"count":20},{"count":10}],"createdTime":1699253869000,"updateTime":1699253869000,"categoryId":1,"purposeId":1,"dailyuseStatus":0,"typeId":4,"userId":8,"Category":"入库","Username":"777"},{"dailyuseId":10,"dailyuseContent":[{"count":3},{"count":1}],"createdTime":1699253284000,"updateTime":1699253284000,"categoryId":2,"purposeId":1,"dailyuseStatus":1,"typeId":4,"userId":6,"Category":"出库","Username":"临时工"}],"total":15}}
2023-11-14 10:23:55.258  INFO 3860 --- [http-nio-7777-exec-8] com.gdproj.aspect.logAspect              : 请求响应时间:71ms
2023-11-14 10:23:55.259  INFO 3860 --- [http-nio-7777-exec-8] com.gdproj.aspect.logAspect              : ===============返回===============
2023-11-14 10:23:55.323  INFO 3860 --- [http-nio-7777-exec-6] com.gdproj.aspect.logAspect              : ===============返回===============
2023-11-14 10:23:55.329  INFO 3860 --- [http-nio-7777-exec-6] com.gdproj.aspect.logAspect              : Response内容:{"code":200,"msg":"操作成功","data":{"Data":[{"leaveId":1,"Username":"张17","Department":"中层下部门1","leaveDays":"3","startTime":1694534400000,"endTime":1694765962000,"categoryId":1,"Category":"事假","leaveStatus":0,"userId":1,"departmentId":3},{"leaveId":2,"Username":"李29","Department":"中层下部门1","leaveDays":"2","startTime":1694620800000,"endTime":1694765965000,"categoryId":1,"Category":"事假","leaveStatus":0,"userId":2,"departmentId":3},{"leaveId":3,"Username":"王3","Department":"中层下部门1","leaveDays":"1","startTime":1694534400000,"endTime":1694593174000,"categoryId":2,"Category":"病假","leaveStatus":0,"userId":3,"departmentId":3},{"leaveId":4,"Username":"王3","Department":"中层下部门1","leaveDays":"0","startTime":1694707200000,"endTime":1694743961000,"categoryId":2,"Category":"病假","leaveStatus":0,"userId":3,"departmentId":3},{"leaveId":7,"Username":"临时工","Department":"中层下部门1","leaveDays":"0","startTime":1697558400000,"endTime":1697558400000,"leaveDescription":"45","categoryId":1,"Category":"事假","leavePic":[],"leaveStatus":0,"userId":6,"departmentId":3,"typeId":2,"leaveTitle":"临时工的请假"},{"leaveId":9,"Username":"临时工","Department":"中层下部门1","leaveDays":"2","startTime":1697558400000,"endTime":1697688000000,"leaveDescription":"生病","categoryId":2,"Category":"病假","leavePic":[],"leaveStatus":0,"userId":6,"departmentId":3,"typeId":2,"leaveTitle":"临时工的病假"},{"leaveId":10,"Username":"临时工","Department":"中层下部门1","leaveDays":"2","startTime":1697472000000,"endTime":1697644800000,"leaveDescription":"","categoryId":1,"Category":"事假","leavePic":[],"leaveStatus":0,"userId":6,"departmentId":3,"typeId":2,"leaveTitle":"临时工的请假222"},{"leaveId":11,"Username":"临时工","Department":"中层下部门1","leaveDays":"0","startTime":1697472000000,"leaveDescription":"","categoryId":1,"Category":"事假","leavePic":[],"leaveStatus":0,"userId":6,"departmentId":3,"typeId":2,"leaveTitle":"临时工请假3"},{"leaveId":12,"Username":"临时工","Department":"中层下部门1","leaveDays":"1","startTime":1697558400000,"endTime":1697644800000,"leaveDescription":"生病","categoryId":1,"Category":"事假","leavePic":[{"url":"/images/aa8dbee743be43a991b1a1ea8132fe58.png"}],"leaveStatus":0,"userId":6,"departmentId":3,"typeId":2,"leaveTitle":"临时工的事假16:14"},{"leaveId":13,"Username":"临时工","Department":"中层下部门1","leaveDays":"1","startTime":1697558400000,"endTime":1697644800000,"leaveDescription":"生病","categoryId":1,"Category":"事假","leavePic":[],"leaveStatus":1,"userId":6,"departmentId":3,"typeId":2,"leaveTitle":"临时工的事假"}],"total":22}}
2023-11-14 10:23:55.329  INFO 3860 --- [http-nio-7777-exec-6] com.gdproj.aspect.logAspect              : 请求响应时间:175ms
2023-11-14 10:23:55.329  INFO 3860 --- [http-nio-7777-exec-6] com.gdproj.aspect.logAspect              : ===============返回===============
2023-11-14 10:23:55.349  INFO 3860 --- [http-nio-7777-exec-7] com.gdproj.aspect.logAspect              : ===============请求===============
2023-11-14 10:23:55.349  INFO 3860 --- [http-nio-7777-exec-7] com.gdproj.aspect.logAspect              : 请求方式:GET
2023-11-14 10:23:55.349  INFO 3860 --- [http-nio-7777-exec-7] com.gdproj.aspect.logAspect              : 请求地址:com.gdproj.controller.warehouseController
2023-11-14 10:23:55.349  INFO 3860 --- [http-nio-7777-exec-7] com.gdproj.aspect.logAspect              : 方法名称:查询出入库审批列表
2023-11-14 10:23:55.349  INFO 3860 --- [http-nio-7777-exec-7] com.gdproj.aspect.logAspect              : 请求类方法:getWarehouseList
2023-11-14 10:23:55.349  INFO 3860 --- [http-nio-7777-exec-7] com.gdproj.aspect.logAspect              : 请求类方法参数:[{"pageNum":1,"pageSize":10,"title":"","sort":"+id"}]
2023-11-14 10:23:55.350  INFO 3860 --- [http-nio-7777-exec-7] com.gdproj.aspect.logAspect              : ===============请求===============
2023-11-14 10:23:55.366  INFO 3860 --- [http-nio-7777-exec-9] com.gdproj.aspect.logAspect              : ===============请求===============
2023-11-14 10:23:55.367  INFO 3860 --- [http-nio-7777-exec-9] com.gdproj.aspect.logAspect              : 请求方式:GET
2023-11-14 10:23:55.367  INFO 3860 --- [http-nio-7777-exec-9] com.gdproj.aspect.logAspect              : 请求地址:com.gdproj.controller.paymentController
2023-11-14 10:23:55.367  INFO 3860 --- [http-nio-7777-exec-9] com.gdproj.aspect.logAspect              : 方法名称:查询支付申请列表
2023-11-14 10:23:55.367  INFO 3860 --- [http-nio-7777-exec-9] com.gdproj.aspect.logAspect              : 请求类方法:getPaymentList
2023-11-14 10:23:55.368  INFO 3860 --- [http-nio-7777-exec-9] com.gdproj.aspect.logAspect              : 请求类方法参数:[{"pageNum":1,"pageSize":10,"title":"","sort":"+id"}]
2023-11-14 10:23:55.368  INFO 3860 --- [http-nio-7777-exec-9] com.gdproj.aspect.logAspect              : ===============请求===============
2023-11-14 10:23:55.378  INFO 3860 --- [http-nio-7777-exec-7] com.gdproj.aspect.logAspect              : ===============返回===============
2023-11-14 10:23:55.379  INFO 3860 --- [http-nio-7777-exec-7] com.gdproj.aspect.logAspect              : Response内容:{"code":200,"msg":"操作成功","data":{"Data":[{"warehouseId":16,"warehouseTitle":"","warehouseContent":[{"stockId":1,"stockName":"prod1","count":5,"unit":"个"}],"createdTime":1699509369000,"updateTime":1699509369000,"recordTime":1699509369000,"categoryId":1,"warehouseFeedback":"","warehouseDescription":"","warehouseStatus":1,"warehouseAttachments":[],"typeId":3,"Username":"张17","userId":1,"Category":"入库","contractId":1,"projectId":13},{"warehouseId":17,"warehouseTitle":"","warehouseContent":[{"stockId":2,"stockName":"prod222","stockNum":18,"count":37,"unit":"个"}],"createdTime":1699519914000,"updateTime":1699520137000,"recordTime":1699476690000,"categoryId":1,"warehouseDescription":"123415","warehouseStatus":1,"warehouseAttachments":[{"name":"4-20活动.png","url":"/images/dd18a77f72e44bf2a203333c24c81cd5.png"}],"Username":"张17","userId":1,"Category":"入库","contractId":1,"projectId":15}],"total":2}}
2023-11-14 10:23:55.379  INFO 3860 --- [http-nio-7777-exec-7] com.gdproj.aspect.logAspect              : 请求响应时间:28ms
2023-11-14 10:23:55.379  INFO 3860 --- [http-nio-7777-exec-7] com.gdproj.aspect.logAspect              : ===============返回===============
2023-11-14 10:23:55.394  INFO 3860 --- [http-nio-7777-exec-9] com.gdproj.aspect.logAspect              : ===============返回===============
2023-11-14 10:23:55.395  INFO 3860 --- [http-nio-7777-exec-9] com.gdproj.aspect.logAspect              : Response内容:{"code":200,"msg":"操作成功","data":{"Data":[{"paymentId":1,"paymentTitle":"临时工的付款申请1-20231110143315","userId":6,"createdTime":1699597996000,"updateTime":1699600620000,"paymentAmount":70210.23,"projectId":14,"payer":"Xxx付款单位","payee":"Xxx收款单位","depositBank":"XX银行","paymentAccount":"2001026288849849","paymentAttachments":[{"name":"code1.png","url":"/images/02a9881e473b4a58a40effc6ca016206.png"}],"paymentStatus":0,"typeId":5,"paymentTime":1699597984000,"paymentAmountCap":"柒万零贰佰壹拾元贰角叁分","paymentUse":"用于项目付款"},{"paymentId":2,"paymentTitle":"1234","userId":1,"createdTime":1699600346000,"updateTime":1699600346000,"paymentAmount":1234,"projectId":15,"payer":"1234","payee":"1234","depositBank":"1234","paymentAccount":"1234","paymentDescription":"2314124","paymentAttachments":[],"paymentStatus":0,"typeId":5,"paymentTime":1699557142000,"userName":"张17","paymentAmountCap":"壹仟贰佰叁拾肆元整","paymentUse":"214"},{"paymentId":3,"paymentTitle":"787820231110151303","userId":6,"createdTime":1699600384000,"updateTime":1699600384000,"paymentAmount":678,"projectId":14,"payer":"67","payee":"678","depositBank":"678","paymentAccount":"678","paymentDescription":"678","paymentStatus":0,"typeId":5,"userName":"临时工","paymentAmountCap":"陆佰柒拾捌元整","paymentUse":"678"},{"paymentId":4,"paymentTitle":"1234","userId":1,"createdTime":1699600394000,"updateTime":1699600394000,"paymentAmount":1234,"projectId":15,"payer":"1234","payee":"1234","depositBank":"1234","paymentAccount":"1234","paymentDescription":"2314124","paymentAttachments":[],"paymentStatus":0,"typeId":5,"paymentTime":1699557142000,"userName":"张17","paymentAmountCap":"壹仟贰佰叁拾肆元整","paymentUse":"214"},{"paymentId":5,"paymentTitle":"1234","userId":1,"createdTime":1699600416000,"updateTime":1699600416000,"paymentAmount":1234,"projectId":14,"payer":"1234","payee":"1234","depositBank":"1234","paymentAccount":"1234","paymentDescription":"2314124","paymentAttachments":[],"paymentStatus":0,"typeId":5,"paymentTime":1699557142000,"userName":"张17","paymentAmountCap":"壹仟贰佰叁拾肆元整","paymentUse":"214"}],"total":5}}
2023-11-14 10:23:55.396  INFO 3860 --- [http-nio-7777-exec-9] com.gdproj.aspect.logAspect              : 请求响应时间:26ms
2023-11-14 10:23:55.396  INFO 3860 --- [http-nio-7777-exec-9] com.gdproj.aspect.logAspect              : ===============返回===============
2023-11-14 10:23:55.479  INFO 3860 --- [http-nio-7777-exec-10] com.gdproj.aspect.logAspect              : ===============请求===============
2023-11-14 10:23:55.480  INFO 3860 --- [http-nio-7777-exec-10] com.gdproj.aspect.logAspect              : 请求方式:GET
2023-11-14 10:23:55.480  INFO 3860 --- [http-nio-7777-exec-10] com.gdproj.aspect.logAspect              : 请求地址:com.gdproj.controller.reimbursementController
2023-11-14 10:23:55.480  INFO 3860 --- [http-nio-7777-exec-10] com.gdproj.aspect.logAspect              : 方法名称:查询资金报销申请列表
2023-11-14 10:23:55.480  INFO 3860 --- [http-nio-7777-exec-10] com.gdproj.aspect.logAspect              : 请求类方法:getReimbursementList
2023-11-14 10:23:55.481  INFO 3860 --- [http-nio-7777-exec-10] com.gdproj.aspect.logAspect              : 请求类方法参数:[{"pageNum":1,"pageSize":10,"title":"","sort":"+id"}]
2023-11-14 10:23:55.481  INFO 3860 --- [http-nio-7777-exec-10] com.gdproj.aspect.logAspect              : ===============请求===============
2023-11-14 10:23:55.493  INFO 3860 --- [http-nio-7777-exec-2] com.gdproj.aspect.logAspect              : ===============请求===============
2023-11-14 10:23:55.493  INFO 3860 --- [http-nio-7777-exec-2] com.gdproj.aspect.logAspect              : 请求方式:GET
2023-11-14 10:23:55.493  INFO 3860 --- [http-nio-7777-exec-2] com.gdproj.aspect.logAspect              : 请求地址:com.gdproj.controller.purchaseController
2023-11-14 10:23:55.493  INFO 3860 --- [http-nio-7777-exec-2] com.gdproj.aspect.logAspect              : 方法名称:获取采购申请列表
2023-11-14 10:23:55.494  INFO 3860 --- [http-nio-7777-exec-2] com.gdproj.aspect.logAspect              : 请求类方法:getPurchaseList
2023-11-14 10:23:55.494  INFO 3860 --- [http-nio-7777-exec-2] com.gdproj.aspect.logAspect              : 请求类方法参数:[{"pageNum":1,"pageSize":10,"title":"","sort":"+id"}]
2023-11-14 10:23:55.494  INFO 3860 --- [http-nio-7777-exec-2] com.gdproj.aspect.logAspect              : ===============请求===============
2023-11-14 10:23:55.552  INFO 3860 --- [http-nio-7777-exec-2] com.gdproj.aspect.logAspect              : ===============返回===============
2023-11-14 10:23:55.554  INFO 3860 --- [http-nio-7777-exec-2] com.gdproj.aspect.logAspect              : Response内容:{"code":200,"msg":"操作成功","data":{"Data":[{"purchaseId":1,"purchaseTitle":"12323","purchaseContent":[{"count":0,"money":100.302},{"count":0,"money":3202}],"createdTime":1699425515000,"updateTime":1699609418000,"purchaseDescription":"=","purchaseStatus":0,"typeId":7,"userId":6,"urgencyLevel":1,"contractId":1,"Amount":3302.3,"Username":"临时工"},{"purchaseId":2,"purchaseTitle":"32","purchaseContent":[{"stockId":1,"stockName":"办公文具1","stockNum":22,"count":1,"unit":"米","money":2}],"createdTime":1699428443000,"updateTime":1699860766000,"purchaseStatus":0,"typeId":7,"userId":6,"urgencyLevel":1,"contractId":1,"Amount":2,"Username":"临时工"},{"purchaseId":3,"purchaseTitle":"20231109101738","purchaseContent":[{"stockId":1,"stockName":"prod1","stockNum":22,"count":7,"unit":"个","money":10.3},{"stockId":3,"stockName":"常用耗材1","stockNum":13,"count":3,"unit":"个","money":34.26}],"createdTime":1699496287000,"updateTime":1699694420000,"purchaseDescription":"有图图1","purchaseStatus":0,"typeId":7,"userId":1,"urgencyLevel":3,"contractId":1,"Amount":174.88,"Username":"张17"},{"purchaseId":4,"purchaseTitle":"1234","purchaseContent":[{"stockId":1,"stockName":"办公文具1","stockNum":22,"count":5,"unit":"米","money":14}],"createdTime":1699694568000,"updateTime":1699865893000,"purchaseDescription":"1234","purchaseStatus":0,"purchaseAttachments":[{"name":"4-20活动.png","url":"/images/c0f1c3edbba24b3091460d7b27b001e4.png"},{"name":"code.jpg","url":"/images/bab868e63d6845c3a0d07c792fb45c28.jpg"},{"name":"44f2ef1bgy1ge3m610d0qg209f0dcwes.gif"}],"typeId":7,"userId":1,"urgencyLevel":1,"contractId":1,"Amount":70,"Username":"张17"}],"total":4}}
2023-11-14 10:23:55.556  INFO 3860 --- [http-nio-7777-exec-2] com.gdproj.aspect.logAspect              : 请求响应时间:58ms
2023-11-14 10:23:55.556  INFO 3860 --- [http-nio-7777-exec-2] com.gdproj.aspect.logAspect              : ===============返回===============
2023-11-14 10:23:55.613  INFO 3860 --- [http-nio-7777-exec-10] com.gdproj.aspect.logAspect              : ===============返回===============
2023-11-14 10:23:55.614  INFO 3860 --- [http-nio-7777-exec-10] com.gdproj.aspect.logAspect              : Response内容:{"code":200,"msg":"操作成功","data":{"Data":[{"reimbursementId":1,"reimbursementTitle":"发送地方20231110165448","userId":1,"createdTime":1699606488000,"updateTime":1699606488000,"reimbursementAmount":1000,"projectId":13,"typeId":6,"reimbursementStatus":0,"reimbursementTime":1699606480000,"reimbursementContent":[{"description":""}],"contractId":1},{"reimbursementId":2,"reimbursementTitle":"打扫的20231110170050","userId":1,"createdTime":1699606851000,"updateTime":1699606851000,"reimbursementAmount":1000,"projectId":13,"typeId":6,"reimbursementStatus":0,"reimbursementTime":1699606841000,"reimbursementContent":[{"date":1699545600000,"money":1000,"description":""}],"contractId":1},{"reimbursementId":3,"reimbursementTitle":"12342023111016583820231110170054","userId":2,"createdTime":1699606855000,"updateTime":1699606855000,"reimbursementAmount":1234,"projectId":15,"reimbursementDescription":"asdfsaf","reimbursementAttachments":[{"name":"4-20活动.png","url":"/images/e0aade66ad084490a3c40330cc5ff3d6.png"}],"typeId":6,"reimbursementStatus":0,"reimbursementTime":1699606711000,"reimbursementContent":[{"date":1699606707000,"money":1234,"description":"1234"}],"contractId":1},{"reimbursementId":4,"reimbursementTitle":"123420231110170721","userId":2,"createdTime":1699607242000,"updateTime":1699608983000,"reimbursementAmount":1234,"projectId":14,"reimbursementDescription":"qwer","reimbursementAttachments":[{"name":"4-20活动.png","url":"/images/3353fb3e380b493ba7eb2367a4eb30a1.png"}],"typeId":6,"reimbursementStatus":0,"reimbursementTime":1699607234000,"reimbursementContent":[{"date":1699607228000,"money":1234,"description":"124"},{"date":1699565771000,"money":2,"description":"2"}],"contractId":1}],"total":4}}
2023-11-14 10:23:55.614  INFO 3860 --- [http-nio-7777-exec-10] com.gdproj.aspect.logAspect              : 请求响应时间:132ms
2023-11-14 10:23:55.614  INFO 3860 --- [http-nio-7777-exec-10] com.gdproj.aspect.logAspect              : ===============返回===============
2023-11-14 10:23:55.644  INFO 3860 --- [http-nio-7777-exec-3] com.gdproj.aspect.logAspect              : ===============请求===============
2023-11-14 10:23:55.644  INFO 3860 --- [http-nio-7777-exec-1] com.gdproj.aspect.logAspect              : ===============请求===============
2023-11-14 10:23:55.644  INFO 3860 --- [http-nio-7777-exec-3] com.gdproj.aspect.logAspect              : 请求方式:GET
2023-11-14 10:23:55.644  INFO 3860 --- [http-nio-7777-exec-1] com.gdproj.aspect.logAspect              : 请求方式:GET
2023-11-14 10:23:55.644  INFO 3860 --- [http-nio-7777-exec-3] com.gdproj.aspect.logAspect              : 请求地址:com.gdproj.controller.departmentController
2023-11-14 10:23:55.644  INFO 3860 --- [http-nio-7777-exec-1] com.gdproj.aspect.logAspect              : 请求地址:com.gdproj.controller.recordController
2023-11-14 10:23:55.645  INFO 3860 --- [http-nio-7777-exec-3] com.gdproj.aspect.logAspect              : 方法名称:查询用于选择的部门列表
2023-11-14 10:23:55.645  INFO 3860 --- [http-nio-7777-exec-1] com.gdproj.aspect.logAspect              : 方法名称:查询用于选择的库存列表
2023-11-14 10:23:55.645  INFO 3860 --- [http-nio-7777-exec-3] com.gdproj.aspect.logAspect              : 请求类方法:getListForSelect
2023-11-14 10:23:55.645  INFO 3860 --- [http-nio-7777-exec-1] com.gdproj.aspect.logAspect              : 请求类方法:getStockListForSelect
2023-11-14 10:23:55.645  INFO 3860 --- [http-nio-7777-exec-3] com.gdproj.aspect.logAspect              : 请求类方法参数:[]
2023-11-14 10:23:55.645  INFO 3860 --- [http-nio-7777-exec-1] com.gdproj.aspect.logAspect              : 请求类方法参数:[]
2023-11-14 10:23:55.645  INFO 3860 --- [http-nio-7777-exec-3] com.gdproj.aspect.logAspect              : ===============请求===============
2023-11-14 10:23:55.645  INFO 3860 --- [http-nio-7777-exec-1] com.gdproj.aspect.logAspect              : ===============请求===============
2023-11-14 10:23:55.647  INFO 3860 --- [http-nio-7777-exec-3] com.gdproj.aspect.logAspect              : ===============返回===============
2023-11-14 10:23:55.647  INFO 3860 --- [http-nio-7777-exec-3] com.gdproj.aspect.logAspect              : Response内容:{"code":200,"msg":"操作成功","data":[{"Id":1,"Name":"高层","children":[{"Id":2,"Name":"中层111","children":[{"Id":3,"Name":"中层下部门1","children":[],"parentId":2},{"Id":4,"Name":"中层下部门2","children":[],"parentId":2},{"Id":5,"Name":"中层下部门3","children":[],"parentId":2}],"parentId":1},{"Id":6,"Name":"中层222","children":[],"parentId":1}],"parentId":0},{"Id":7,"Name":"test","children":[],"parentId":0},{"Id":8,"Name":"外部","children":[],"parentId":0},{"Id":9,"Name":"777","children":[{"Id":10,"Name":"777-1","children":[],"parentId":9}],"parentId":0}]}
2023-11-14 10:23:55.647  INFO 3860 --- [http-nio-7777-exec-3] com.gdproj.aspect.logAspect              : 请求响应时间:2ms
2023-11-14 10:23:55.647  INFO 3860 --- [http-nio-7777-exec-3] com.gdproj.aspect.logAspect              : ===============返回===============
2023-11-14 10:23:55.790  INFO 3860 --- [http-nio-7777-exec-1] com.gdproj.aspect.logAspect              : ===============返回===============
2023-11-14 10:23:55.791  INFO 3860 --- [http-nio-7777-exec-1] com.gdproj.aspect.logAspect              : Response内容:{"code":200,"msg":"操作成功","data":[{"stockId":1,"stockName":"prod1","stockNum":68,"count":0,"unit":"个"},{"stockId":2,"stockName":"prod222","stockNum":18,"count":0,"unit":"个"},{"stockId":3,"stockName":"prod3","stockNum":0,"count":0,"unit":"个"},{"stockId":4,"stockName":"门禁设备","stockNum":0,"count":0,"unit":"个"},{"stockId":5,"stockName":"6786","stockNum":0,"count":0,"unit":"678678"}]}
2023-11-14 10:23:55.791  INFO 3860 --- [http-nio-7777-exec-1] com.gdproj.aspect.logAspect              : 请求响应时间:145ms
2023-11-14 10:23:55.791  INFO 3860 --- [http-nio-7777-exec-1] com.gdproj.aspect.logAspect              : ===============返回===============
2023-11-14 10:23:56.110  INFO 3860 --- [http-nio-7777-exec-4] com.gdproj.aspect.logAspect              : ===============请求===============
2023-11-14 10:23:56.110  INFO 3860 --- [http-nio-7777-exec-4] com.gdproj.aspect.logAspect              : 请求方式:GET
2023-11-14 10:23:56.110  INFO 3860 --- [http-nio-7777-exec-4] com.gdproj.aspect.logAspect              : 请求地址:com.gdproj.controller.recordController
2023-11-14 10:23:56.110  INFO 3860 --- [http-nio-7777-exec-4] com.gdproj.aspect.logAspect              : 方法名称:查询用于选择的库存列表
2023-11-14 10:23:56.110  INFO 3860 --- [http-nio-7777-exec-4] com.gdproj.aspect.logAspect              : 请求类方法:getStockListForSelect
2023-11-14 10:23:56.110  INFO 3860 --- [http-nio-7777-exec-4] com.gdproj.aspect.logAspect              : 请求类方法参数:[]
2023-11-14 10:23:56.110  INFO 3860 --- [http-nio-7777-exec-4] com.gdproj.aspect.logAspect              : ===============请求===============
2023-11-14 10:23:56.139  INFO 3860 --- [http-nio-7777-exec-4] com.gdproj.aspect.logAspect              : ===============返回===============
2023-11-14 10:23:56.140  INFO 3860 --- [http-nio-7777-exec-4] com.gdproj.aspect.logAspect              : Response内容:{"code":200,"msg":"操作成功","data":[{"stockId":1,"stockName":"prod1","stockNum":68,"count":0,"unit":"个"},{"stockId":2,"stockName":"prod222","stockNum":18,"count":0,"unit":"个"},{"stockId":3,"stockName":"prod3","stockNum":0,"count":0,"unit":"个"},{"stockId":4,"stockName":"门禁设备","stockNum":0,"count":0,"unit":"个"},{"stockId":5,"stockName":"6786","stockNum":0,"count":0,"unit":"678678"}]}
2023-11-14 10:23:56.140  INFO 3860 --- [http-nio-7777-exec-4] com.gdproj.aspect.logAspect              : 请求响应时间:29ms
2023-11-14 10:23:56.140  INFO 3860 --- [http-nio-7777-exec-4] com.gdproj.aspect.logAspect              : ===============返回===============
2023-11-14 10:23:56.361  INFO 3860 --- [http-nio-7777-exec-5] com.gdproj.aspect.logAspect              : ===============请求===============
2023-11-14 10:23:56.362  INFO 3860 --- [http-nio-7777-exec-5] com.gdproj.aspect.logAspect              : 请求方式:GET
2023-11-14 10:23:56.362  INFO 3860 --- [http-nio-7777-exec-5] com.gdproj.aspect.logAspect              : 请求地址:com.gdproj.controller.recordController
2023-11-14 10:23:56.362  INFO 3860 --- [http-nio-7777-exec-5] com.gdproj.aspect.logAspect              : 方法名称:查询用于选择的库存列表
2023-11-14 10:23:56.362  INFO 3860 --- [http-nio-7777-exec-5] com.gdproj.aspect.logAspect              : 请求类方法:getStockListForSelect
2023-11-14 10:23:56.362  INFO 3860 --- [http-nio-7777-exec-5] com.gdproj.aspect.logAspect              : 请求类方法参数:[]
2023-11-14 10:23:56.363  INFO 3860 --- [http-nio-7777-exec-5] com.gdproj.aspect.logAspect              : ===============请求===============
2023-11-14 10:23:56.408  INFO 3860 --- [http-nio-7777-exec-5] com.gdproj.aspect.logAspect              : ===============返回===============
2023-11-14 10:23:56.409  INFO 3860 --- [http-nio-7777-exec-5] com.gdproj.aspect.logAspect              : Response内容:{"code":200,"msg":"操作成功","data":[{"stockId":1,"stockName":"prod1","stockNum":68,"count":0,"unit":"个"},{"stockId":2,"stockName":"prod222","stockNum":18,"count":0,"unit":"个"},{"stockId":3,"stockName":"prod3","stockNum":0,"count":0,"unit":"个"},{"stockId":4,"stockName":"门禁设备","stockNum":0,"count":0,"unit":"个"},{"stockId":5,"stockName":"6786","stockNum":0,"count":0,"unit":"678678"}]}
2023-11-14 10:23:56.409  INFO 3860 --- [http-nio-7777-exec-5] com.gdproj.aspect.logAspect              : 请求响应时间:45ms
2023-11-14 10:23:56.409  INFO 3860 --- [http-nio-7777-exec-5] com.gdproj.aspect.logAspect              : ===============返回===============
2023-11-14 10:23:56.454  INFO 3860 --- [http-nio-7777-exec-8] com.gdproj.aspect.logAspect              : ===============请求===============
2023-11-14 10:23:56.454  INFO 3860 --- [http-nio-7777-exec-8] com.gdproj.aspect.logAspect              : 请求方式:GET
2023-11-14 10:23:56.454  INFO 3860 --- [http-nio-7777-exec-8] com.gdproj.aspect.logAspect              : 请求地址:com.gdproj.controller.recordController
2023-11-14 10:23:56.454  INFO 3860 --- [http-nio-7777-exec-8] com.gdproj.aspect.logAspect              : 方法名称:查询用于选择的库存列表
2023-11-14 10:23:56.454  INFO 3860 --- [http-nio-7777-exec-8] com.gdproj.aspect.logAspect              : 请求类方法:getStockListForSelect
2023-11-14 10:23:56.454  INFO 3860 --- [http-nio-7777-exec-8] com.gdproj.aspect.logAspect              : 请求类方法参数:[]
2023-11-14 10:23:56.454  INFO 3860 --- [http-nio-7777-exec-8] com.gdproj.aspect.logAspect              : ===============请求===============
2023-11-14 10:23:56.477  INFO 3860 --- [http-nio-7777-exec-8] com.gdproj.aspect.logAspect              : ===============返回===============
2023-11-14 10:23:56.477  INFO 3860 --- [http-nio-7777-exec-8] com.gdproj.aspect.logAspect              : Response内容:{"code":200,"msg":"操作成功","data":[{"stockId":1,"stockName":"prod1","stockNum":68,"count":0,"unit":"个"},{"stockId":2,"stockName":"prod222","stockNum":18,"count":0,"unit":"个"},{"stockId":3,"stockName":"prod3","stockNum":0,"count":0,"unit":"个"},{"stockId":4,"stockName":"门禁设备","stockNum":0,"count":0,"unit":"个"},{"stockId":5,"stockName":"6786","stockNum":0,"count":0,"unit":"678678"}]}
2023-11-14 10:23:56.477  INFO 3860 --- [http-nio-7777-exec-8] com.gdproj.aspect.logAspect              : 请求响应时间:23ms
2023-11-14 10:23:56.477  INFO 3860 --- [http-nio-7777-exec-8] com.gdproj.aspect.logAspect              : ===============返回===============
2023-11-14 10:28:46.859  INFO 3860 --- [SpringApplicationShutdownHook] com.zaxxer.hikari.HikariDataSource       : HikariPool-1 - Shutdown initiated...
2023-11-14 10:28:46.904  INFO 3860 --- [SpringApplicationShutdownHook] com.zaxxer.hikari.HikariDataSource       : HikariPool-1 - Shutdown completed.
